[00:00:15] [Server thread/INFO]: Jorkzoob lost connection: Disconnected
[00:00:15] [Server thread/INFO]: Jorkzoob left the game
[00:00:17] [Server thread/INFO]: Dleiva04 lost connection: Disconnected
[00:00:17] [Server thread/INFO]: Dleiva04 left the game
[00:00:17] [Server thread/INFO]: Cheleo21 lost connection: Disconnected
[00:00:17] [Server thread/INFO]: Cheleo21 left the game
[00:00:46] [User Authenticator #31/INFO]: UUID of player Jorkzoob is 71250b75-b9c1-4b99-9553-7117a173d09c
[00:00:47] [Server thread/INFO]: Jorkzoob[/26.155.100.240:51316] logged in with entity id 133856 at (-134.98762152228207, 135.0, -155.7813260773811)
[00:00:47] [Server thread/INFO]: Jorkzoob joined the game
[00:00:51] [User Authenticator #32/INFO]: UUID of player Dleiva04 is b344a21b-1790-44ed-8c36-5a2774d965f8
[00:00:51] [User Authenticator #33/INFO]: UUID of player Cheleo21 is 6b90a3de-ab51-4f40-8904-69bc93286823
[00:00:51] [Server thread/INFO]: Dleiva04[/26.246.239.17:57812] logged in with entity id 133977 at (-82.50900196058052, 79.0, -245.3010429249685)
[00:00:51] [Server thread/INFO]: Dleiva04 joined the game
[00:00:52] [Server thread/INFO]: Cheleo21[/26.83.75.82:57851] logged in with entity id 133992 at (-47.69999998807907, 76.0, -190.18938724445542)
[00:00:52] [Server thread/INFO]: Cheleo21 joined the game
[00:00:58] [Server thread/INFO]: [Not Secure] [Server] no hay drops
[00:01:17] [Server thread/INFO]: [Not Secure] [Server] pico de nederita el que mate a Jorkzoob by el server
[00:03:37] [Server thread/INFO]: Killed 526 entities
[00:05:01] [Server thread/INFO]: thecamachus has made the advancement [Acquire Hardware]
[00:06:00] [Server thread/INFO]: thecamachus has made the advancement [What a Deal!]
[00:07:18] [Server thread/INFO]: <Gmaxtreme> xaero-waypoint:Pillagers:P:-2030:63:-9035:5:false:0:Internal-overworld-waypoints
[00:07:33] [Server thread/INFO]: <Jorkzoob> naggers
[00:07:56] [Server thread/INFO]: <WiseDog1> sigan my diggas
[00:08:12] [Server thread/INFO]: Killed 695 entities
[00:08:52] [Server thread/INFO]: thecamachus has made the advancement [Cover Me with Diamonds]
[00:09:36] [Server thread/INFO]: <Jorkzoob> keep working my diggers
[00:11:00] [Server thread/INFO]: Chelennon lost connection: Disconnected
[00:11:00] [Server thread/INFO]: Chelennon left the game
[00:11:00] [Server thread/INFO]: Dleiva04 lost connection: Disconnected
[00:11:00] [Server thread/INFO]: Dleiva04 left the game
[00:11:01] [Server thread/INFO]: thecamachus lost connection: Disconnected
[00:11:01] [Server thread/INFO]: thecamachus left the game
[00:11:07] [Server thread/INFO]: Cheleo21 lost connection: Disconnected
[00:11:07] [Server thread/INFO]: Cheleo21 left the game
[00:11:08] [Server thread/INFO]: Killed 358 entities
[00:11:16] [User Authenticator #34/INFO]: UUID of player Dleiva04 is b344a21b-1790-44ed-8c36-5a2774d965f8
[00:11:16] [Server thread/INFO]: Dleiva04[/26.246.239.17:57939] logged in with entity id 147153 at (-53.54202466666199, 79.0, -242.69999998807907)
[00:11:16] [Server thread/INFO]: Dleiva04 joined the game
[00:11:21] [User Authenticator #35/INFO]: UUID of player Chelennon is c9891fbe-9a71-4f14-8dfa-670c3129cae6
[00:11:22] [Server thread/INFO]: Chelennon[/26.134.179.76:49979] logged in with entity id 147292 at (-169.69999998807907, 119.0, -345.24596282326576)
[00:11:22] [Server thread/INFO]: Chelennon joined the game
[00:11:23] [User Authenticator #36/INFO]: UUID of player thecamachus is 075ba41a-2fd1-49ea-acc5-5da67f8c8bc9
[00:11:23] [Server thread/INFO]: thecamachus[/26.172.175.221:62743] logged in with entity id 147402 at (-152.1818154672328, 118.0, -283.31570916116783)
[00:11:23] [Server thread/INFO]: thecamachus joined the game
[00:12:14] [User Authenticator #37/INFO]: UUID of player Cheleo21 is 6b90a3de-ab51-4f40-8904-69bc93286823
[00:12:15] [Server thread/INFO]: Cheleo21[/26.83.75.82:58121] logged in with entity id 147888 at (-43.48813041610252, 78.0, -236.30000001192093)
[00:12:15] [Server thread/INFO]: Cheleo21 joined the game
[00:12:44] [Server thread/INFO]: <Jorkzoob> good morning my diggers
[00:13:03] [Server thread/WARN]: Can't keep up! Is the server overloaded? Running 2344ms or 46 ticks behind
[00:13:04] [Server thread/INFO]: WiseDog1 has made the advancement [We Need to Go Deeper]
[00:13:30] [Server thread/INFO]: Killed 185 entities
[00:14:14] [Server thread/INFO]: Killed 76 entities
[00:14:51] [Server thread/INFO]: Cheleo21 lost connection: Disconnected
[00:14:51] [Server thread/INFO]: Cheleo21 left the game
[00:14:53] [Server thread/INFO]: WiseDog1 has made the advancement [Not Today, Thank You]
[00:14:55] [Server thread/INFO]: WiseDog1 has made the advancement [Monster Hunter]
[00:16:11] [Server thread/INFO]: Killed 78 entities
[00:23:26] [Server thread/INFO]: thecamachus lost connection: Disconnected
[00:23:26] [Server thread/INFO]: thecamachus left the game
[00:23:39] [Server thread/INFO]: Dleiva04 lost connection: Disconnected
[00:23:39] [Server thread/INFO]: Dleiva04 left the game
[00:23:41] [Server thread/INFO]: Chelennon lost connection: Disconnected
[00:23:41] [Server thread/INFO]: Chelennon left the game
[00:24:00] [User Authenticator #38/INFO]: UUID of player Dleiva04 is b344a21b-1790-44ed-8c36-5a2774d965f8
[00:24:01] [Server thread/INFO]: Dleiva04[/26.246.239.17:58087] logged in with entity id 155155 at (180.51314754228974, -44.0, -211.69999998807907)
[00:24:01] [Server thread/INFO]: Dleiva04 joined the game
[00:24:12] [User Authenticator #39/INFO]: UUID of player Chelennon is c9891fbe-9a71-4f14-8dfa-670c3129cae6
[00:24:13] [Server thread/INFO]: Chelennon[/26.134.179.76:50397] logged in with entity id 155433 at (168.8730451818274, -41.0, -187.35754901731744)
[00:24:13] [Server thread/INFO]: Chelennon joined the game
[00:26:47] [Server thread/INFO]: <Dleiva04> xaero-waypoint:Warden:W:170:-40:-243:1:false:0:Internal-overworld-waypoints
[00:31:32] [Server thread/INFO]: Gmaxtreme tried to swim in lava
[00:35:19] [Server thread/INFO]: Dleiva04 lost connection: Disconnected
[00:35:19] [Server thread/INFO]: Dleiva04 left the game
[00:35:27] [Server thread/INFO]: Chelennon lost connection: Disconnected
[00:35:27] [Server thread/INFO]: Chelennon left the game
[00:35:34] [Server thread/INFO]: WiseDog1 has made the advancement [A Terrible Fortress]
[00:35:39] [User Authenticator #40/INFO]: UUID of player Chelennon is c9891fbe-9a71-4f14-8dfa-670c3129cae6
[00:35:40] [Server thread/INFO]: Chelennon[/26.134.179.76:50774] logged in with entity id 162756 at (-52.39917884529466, 7.0, -226.14042087839871)
[00:35:40] [Server thread/INFO]: Chelennon joined the game
[00:35:40] [Server thread/INFO]: Gmaxtreme has made the advancement [A Terrible Fortress]
[00:35:52] [User Authenticator #41/INFO]: UUID of player Dleiva04 is b344a21b-1790-44ed-8c36-5a2774d965f8
[00:35:53] [Server thread/INFO]: Dleiva04[/26.246.239.17:58198] logged in with entity id 162890 at (38.82005086930118, -15.0, -141.33195617762166)
[00:35:53] [Server thread/INFO]: Dleiva04 joined the game
[00:37:48] [Server thread/INFO]: Gmaxtreme was fireballed by Blaze
[00:38:40] [Server thread/INFO]: WiseDog1 has made the advancement [Into Fire]
[00:39:29] [Server thread/INFO]: Dleiva04 has made the advancement [Sneak 100]
[00:41:59] [Server thread/INFO]: Chelennon has made the advancement [Sneak 100]
[00:44:41] [Server thread/INFO]: Gmaxtreme has made the advancement [Into Fire]
[00:45:55] [Server thread/INFO]: Gmaxtreme has made the advancement [Getting an Upgrade]
[00:46:03] [Server thread/INFO]: Dleiva04 lost connection: Disconnected
[00:46:03] [Server thread/INFO]: Dleiva04 left the game
[00:46:19] [Server thread/INFO]: Chelennon lost connection: Disconnected
[00:46:19] [Server thread/INFO]: Chelennon left the game
[00:46:38] [Server thread/INFO]: WiseDog1 has made the advancement [Diamonds!]
[00:48:28] [User Authenticator #42/INFO]: UUID of player Dleiva04 is b344a21b-1790-44ed-8c36-5a2774d965f8
[00:48:29] [Server thread/INFO]: Dleiva04[/26.246.239.17:58425] logged in with entity id 171724 at (148.516621890895, -47.9375, -288.33262020593963)
[00:48:29] [Server thread/INFO]: Dleiva04 joined the game
[00:48:37] [User Authenticator #43/INFO]: UUID of player Chelennon is c9891fbe-9a71-4f14-8dfa-670c3129cae6
[00:48:38] [Server thread/INFO]: Chelennon[/26.134.179.76:51256] logged in with entity id 171964 at (154.41876899192744, -48.9375, -278.8414779980253)
[00:48:38] [Server thread/INFO]: Chelennon joined the game
[00:51:42] [Server thread/INFO]: Gmaxtreme has made the advancement [Those Were the Days]
[00:51:51] [Server thread/INFO]: WiseDog1 has made the advancement [Those Were the Days]
[00:54:20] [Server thread/INFO]: WiseDog1 has completed the challenge [Return to Sender]
[00:55:56] [Server thread/INFO]: Gmaxtreme has made the advancement [War Pigs]
[00:57:14] [Server thread/INFO]: Gmaxtreme has made the advancement [Who is Cutting Onions?]
[00:57:40] [Server thread/INFO]: Chelennon lost connection: Disconnected
[00:57:40] [Server thread/INFO]: Chelennon left the game
[00:57:42] [Server thread/INFO]: Dleiva04 lost connection: Disconnected
[00:57:42] [Server thread/INFO]: Dleiva04 left the game
[00:57:54] [User Authenticator #44/INFO]: UUID of player Chelennon is c9891fbe-9a71-4f14-8dfa-670c3129cae6
[00:57:54] [Server thread/INFO]: Chelennon[/26.134.179.76:51583] logged in with entity id 177612 at (-158.35726191118923, 118.0, -229.95547626322377)
[00:57:54] [Server thread/INFO]: Chelennon joined the game
[00:57:58] [User Authenticator #45/INFO]: UUID of player Dleiva04 is b344a21b-1790-44ed-8c36-5a2774d965f8
[00:57:59] [Server thread/INFO]: Dleiva04[/26.246.239.17:58550] logged in with entity id 177734 at (-135.8392747678119, 68.0, -461.7110738895983)
[00:57:59] [Server thread/INFO]: Dleiva04 joined the game
[00:59:38] [Server thread/WARN]: Mismatch in destroy block pos: iz{x=0, y=0, z=0} iz{x=-63, y=79, z=-66}
[01:07:15] [Server thread/INFO]: <Gmaxtreme> xaero-waypoint:Bastion remnants:B:-245:85:-128:2:false:0:Internal-the-nether-waypoints
[01:07:24] [Server thread/INFO]: <Gmaxtreme> xaero-waypoint:Shared Location:S:-380:53:-3:4:false:0:Internal-the-nether-waypoints
[01:08:15] [Server thread/INFO]: Gmaxtreme has completed the challenge [Subspace Bubble]
[01:08:16] [Server thread/INFO]: WiseDog1 has completed the challenge [Subspace Bubble]
[01:14:14] [Server thread/INFO]: <Gmaxtreme> xaero-waypoint:Shared Location:S:743:57:100:3:false:0:Internal-the-nether-waypoints
[01:14:28] [Server thread/INFO]: <Gmaxtreme> xaero-waypoint:Shared Location:S:-434:~:298:11:false:0:Internal-the-nether-waypoints
[01:14:34] [Server thread/INFO]: <Gmaxtreme> xaero-waypoint:Shared Location:S:66:65:785:13:false:0:Internal-the-nether-waypoints
[01:14:45] [Server thread/INFO]: <Gmaxtreme> xaero-waypoint:Shared Location:S:-15:~:704:14:false:0:Internal-the-nether-waypoints
[01:15:32] [Server thread/INFO]: Dleiva04 has made the advancement [Those Were the Days]
[01:15:36] [Server thread/INFO]: Chelennon has made the advancement [Those Were the Days]
[01:18:14] [Server thread/INFO]: Chelennon has made the advancement [War Pigs]
[01:21:36] [Server thread/INFO]: Chelennon has made the advancement [Who is Cutting Onions?]
[01:29:46] [Server thread/INFO]: Jorkzoob lost connection: Disconnected
[01:29:46] [Server thread/INFO]: Jorkzoob left the game
[01:30:12] [Server thread/INFO]: Gmaxtreme lost connection: Disconnected
[01:30:12] [Server thread/INFO]: Gmaxtreme left the game
[01:30:16] [User Authenticator #46/INFO]: UUID of player Gmaxtreme is 503b7121-768e-47d6-b64b-76133b4b7df6
[01:30:17] [Server thread/INFO]: Gmaxtreme[/26.71.144.117:50642] logged in with entity id 200119 at (-195.92999357069283, 118.0, -202.3260564082587)
[01:30:17] [Server thread/INFO]: Gmaxtreme joined the game
[01:30:23] [Server thread/INFO]: Gmaxtreme lost connection: Disconnected
[01:30:23] [Server thread/INFO]: Gmaxtreme left the game
[01:30:29] [User Authenticator #47/INFO]: UUID of player Gmaxtreme is 503b7121-768e-47d6-b64b-76133b4b7df6
[01:30:29] [Server thread/INFO]: Gmaxtreme[/26.71.144.117:50654] logged in with entity id 200368 at (-193.92093971435182, 118.0, -201.9248283545667)
[01:30:29] [Server thread/INFO]: Gmaxtreme joined the game
[01:30:53] [Server thread/WARN]: Mismatch in destroy block pos: iz{x=-379, y=68, z=-26} iz{x=-380, y=65, z=-29}
[01:30:53] [Server thread/WARN]: Mismatch in destroy block pos: iz{x=-379, y=68, z=-26} iz{x=-380, y=65, z=-29}
[01:30:53] [Server thread/WARN]: Mismatch in destroy block pos: iz{x=-379, y=68, z=-26} iz{x=-380, y=65, z=-29}
[01:30:54] [Server thread/WARN]: Mismatch in destroy block pos: iz{x=-379, y=68, z=-26} iz{x=-380, y=65, z=-29}
[01:30:54] [Server thread/WARN]: Mismatch in destroy block pos: iz{x=-379, y=68, z=-26} iz{x=-380, y=65, z=-29}
[01:30:54] [Server thread/WARN]: Mismatch in destroy block pos: iz{x=-379, y=68, z=-26} iz{x=-380, y=65, z=-29}
[01:33:24] [Server thread/INFO]: Dleiva04 has made the advancement [War Pigs]
[01:35:08] [Server thread/INFO]: Gmaxtreme has made the advancement [Enchanter]
[01:37:01] [Server thread/INFO]: Gmaxtreme lost connection: Disconnected
[01:37:01] [Server thread/INFO]: Gmaxtreme left the game
[01:52:37] [Server thread/WARN]: Mismatch in destroy block pos: iz{x=-423, y=83, z=-76} iz{x=-423, y=85, z=-77}
[01:59:45] [Server thread/WARN]: Chelennon moved too quickly! -5.123642547299767,-0.2712241076924826,8.618455124576059
[02:03:06] [Server thread/WARN]: Mismatch in destroy block pos: iz{x=-204, y=59, z=-142} iz{x=-204, y=58, z=-142}
[02:03:06] [Server thread/WARN]: Mismatch in destroy block pos: iz{x=-204, y=59, z=-142} iz{x=-204, y=58, z=-142}
[02:03:06] [Server thread/WARN]: Mismatch in destroy block pos: iz{x=-204, y=59, z=-142} iz{x=-204, y=58, z=-142}
[02:21:31] [Server thread/INFO]: Chelennon has made the advancement [Best Friends Forever]
[02:23:18] [Server thread/INFO]: Dleiva04 has made the advancement [Best Friends Forever]
[02:24:30] [Server thread/WARN]: Horse (vehicle of Chelennon) moved wrongly! 0.28758068912441104
[02:25:43] [Server thread/WARN]: Horse (vehicle of Dleiva04) moved wrongly! 0.35601614028564654
[02:26:24] [Server thread/WARN]: Horse (vehicle of Dleiva04) moved wrongly! 0.4311369866951509
[02:26:24] [Server thread/WARN]: Horse (vehicle of Dleiva04) moved wrongly! 0.4199289302793261
[02:26:58] [Server thread/INFO]: Chelennon lost connection: Disconnected
[02:26:58] [Server thread/INFO]: Chelennon left the game
[02:27:20] [User Authenticator #48/INFO]: UUID of player Chelennon is c9891fbe-9a71-4f14-8dfa-670c3129cae6
[02:27:21] [Server thread/INFO]: Chelennon[/26.134.179.76:54496] logged in with entity id 232367 at (-165.26346573773156, 121.0, -178.3950876680208)
[02:27:21] [Server thread/INFO]: Chelennon joined the game
[02:29:26] [User Authenticator #49/INFO]: UUID of player Gmaxtreme is 503b7121-768e-47d6-b64b-76133b4b7df6
[02:29:27] [Server thread/INFO]: Gmaxtreme[/26.71.144.117:52461] logged in with entity id 233070 at (-168.49764075821918, 118.0, -303.9019955562474)
[02:29:27] [Server thread/INFO]: Gmaxtreme joined the game
[02:35:21] [Server thread/INFO]: Chelennon lost connection: Timed out
[02:35:21] [Server thread/INFO]: Chelennon left the game
[02:35:32] [User Authenticator #50/INFO]: UUID of player Chelennon is c9891fbe-9a71-4f14-8dfa-670c3129cae6
[02:35:33] [Server thread/INFO]: Chelennon[/26.134.179.76:54770] logged in with entity id 236383 at (-84.74821681827177, 121.0, -307.47208769249806)
[02:35:33] [Server thread/INFO]: Chelennon joined the game
[02:38:11] [Server thread/INFO]: Dleiva04 lost connection: Disconnected
[02:38:11] [Server thread/INFO]: Dleiva04 left the game
[02:38:11] [Server thread/INFO]: Chelennon lost connection: Disconnected
[02:38:11] [Server thread/INFO]: Chelennon left the game
[02:39:20] [User Authenticator #51/INFO]: UUID of player Dleiva04 is b344a21b-1790-44ed-8c36-5a2774d965f8
[02:39:21] [Server thread/INFO]: Dleiva04[/26.246.239.17:59593] logged in with entity id 238585 at (-196.85897851559147, 68.0, -1115.8095550923144)
[02:39:21] [Server thread/INFO]: Dleiva04 joined the game
[02:39:29] [User Authenticator #52/INFO]: UUID of player Chelennon is c9891fbe-9a71-4f14-8dfa-670c3129cae6
[02:39:29] [Server thread/INFO]: Chelennon[/26.134.179.76:54901] logged in with entity id 238899 at (-84.1274693348705, 122.0, -313.56020961720685)
[02:39:29] [Server thread/INFO]: Chelennon joined the game
[02:48:14] [Server thread/INFO]: Dleiva04 has made the advancement [Crafting a New Look]
[02:49:47] [Server thread/INFO]: Chelennon lost connection: Disconnected
[02:49:47] [Server thread/INFO]: Chelennon left the game
[02:49:52] [Server thread/INFO]: Dleiva04 lost connection: Disconnected
[02:49:52] [Server thread/INFO]: Dleiva04 left the game
[02:50:05] [User Authenticator #53/INFO]: UUID of player Chelennon is c9891fbe-9a71-4f14-8dfa-670c3129cae6
[02:50:05] [Server thread/INFO]: Chelennon[/26.134.179.76:55233] logged in with entity id 243272 at (-169.7424335478567, 117.9375, -350.16445357377745)
[02:50:05] [Server thread/INFO]: Chelennon joined the game
[02:50:12] [User Authenticator #54/INFO]: UUID of player Dleiva04 is b344a21b-1790-44ed-8c36-5a2774d965f8
[02:50:13] [Server thread/INFO]: Dleiva04[/26.246.239.17:59728] logged in with entity id 243299 at (-166.6689720363945, 118.0, -351.41586741773364)
[02:50:13] [Server thread/INFO]: Dleiva04 joined the game
[02:50:42] [Server thread/INFO]: Chelennon has made the advancement [Crafting a New Look]
[03:00:58] [Server thread/INFO]: Chelennon lost connection: Disconnected
[03:00:58] [Server thread/INFO]: Chelennon left the game
[03:01:09] [Server thread/INFO]: Dleiva04 lost connection: Disconnected
[03:01:09] [Server thread/INFO]: Dleiva04 left the game
[03:01:15] [User Authenticator #55/INFO]: UUID of player Chelennon is c9891fbe-9a71-4f14-8dfa-670c3129cae6
[03:01:16] [Server thread/INFO]: Chelennon[/26.134.179.76:55614] logged in with entity id 246220 at (-159.06290162443008, 117.9375, -331.16138910157525)
[03:01:16] [Server thread/INFO]: Chelennon joined the game
[03:01:17] [Server thread/INFO]: Chelennon lost connection: Disconnected
[03:01:17] [Server thread/INFO]: Chelennon left the game
[03:01:26] [Server thread/INFO]: Gmaxtreme lost connection: Disconnected
[03:01:26] [Server thread/INFO]: Gmaxtreme left the game
[03:01:34] [Server thread/INFO]: WiseDog1 lost connection: Disconnected
[03:01:34] [Server thread/INFO]: WiseDog1 left the game
[03:01:38] [Server thread/INFO]: Stopping server
[03:01:38] [Server thread/INFO]: Saving players
[03:01:38] [Server thread/INFO]: Saving worlds
[03:01:38] [Server thread/INFO]: Saving chunks for level 'ServerLevel[MundoRata]'/minecraft:overworld
[03:01:38] [Server thread/INFO]: Saving chunks for level 'ServerLevel[MundoRata]'/minecraft:the_nether
[03:01:38] [Server thread/INFO]: Saving chunks for level 'ServerLevel[MundoRata]'/minecraft:the_end
[03:01:38] [Server thread/INFO]: ThreadedAnvilChunkStorage (MundoRata): All chunks are saved
[03:01:38] [Server thread/INFO]: ThreadedAnvilChunkStorage (DIM-1): All chunks are saved
[03:01:38] [Server thread/INFO]: ThreadedAnvilChunkStorage (DIM1): All chunks are saved
[03:01:38] [Server thread/INFO]: ThreadedAnvilChunkStorage: All dimensions are saved
[03:01:38] [Server thread/INFO]: Thread RCON Listener stopped
